<?xml version="1.0" encoding="UTF-8"?>
<testsuite xmlns:xsi="http://www.w3.org/2001/XMLSchema-instance" xsi:noNamespaceSchemaLocation="https://maven.apache.org/surefire/maven-surefire-plugin/xsd/surefire-test-report-3.0.xsd" version="3.0" name="com.vishnu.twitter.TwitterApplicationTests" time="13.283" tests="1" errors="0" skipped="0" failures="0">
  <properties>
[...]
</properties>
  <testcase name="contextLoads" classname="com.vishnu.twitter.TwitterApplicationTests" time="2.201">
    <system-out><![CDATA[21:15:03.515 [main] INFO org.springframework.test.context.support.AnnotationConfigContextLoaderUtils -- Could not detect default configuration classes for test class [com.vishnu.twitter.TwitterApplicationTests]: TwitterApplicationTests does not declare any static, non-private, non-final, nested classes annotated with @Configuration.
21:15:03.742 [main] INFO org.springframework.boot.test.context.SpringBootTestContextBootstrapper -- Found @SpringBootConfiguration com.vishnu.twitter.TwitterApplication for test class com.vishnu.twitter.TwitterApplicationTests
21:15:04.177 [main] INFO org.springframework.boot.devtools.restart.RestartApplicationListener -- Restart disabled due to context in which it is running

  .   ____          _            __ _ _
 /\\ / ___'_ __ _ _(_)_ __  __ _ \ \ \ \
( ( )\___ | '_ | '_| | '_ \/ _` | \ \ \ \
 \\/  ___)| |_)| | | | | || (_| |  ) ) ) )
  '  |____| .__|_| |_|_| |_\__, | / / / /
 =========|_|==============|___/=/_/_/_/
 :: Spring Boot ::                (v3.2.2)

2024-02-26T21:15:04.748+05:30  INFO 14184 --- [           main] c.v.twitter.TwitterApplicationTests      : Starting TwitterApplicationTests using Java 17.0.9 with PID 14184 (started by bharg in C:\Users\bharg\OneDrive\Desktop\Spring\SpringUnZip\twitter)
2024-02-26T21:15:04.750+05:30  INFO 14184 --- [           main] c.v.twitter.TwitterApplicationTests      : No active profile set, falling back to 1 default profile: "default"
2024-02-26T21:15:06.207+05:30  INFO 14184 --- [           main] .s.d.r.c.RepositoryConfigurationDelegate : Bootstrapping Spring Data JPA repositories in DEFAULT mode.
2024-02-26T21:15:06.329+05:30  INFO 14184 --- [           main] .s.d.r.c.RepositoryConfigurationDelegate : Finished Spring Data repository scanning in 106 ms. Found 1 JPA repository interface.
2024-02-26T21:15:07.328+05:30  INFO 14184 --- [           main] o.hibernate.jpa.internal.util.LogHelper  : HHH000204: Processing PersistenceUnitInfo [name: default]
2024-02-26T21:15:07.489+05:30  INFO 14184 --- [           main] org.hibernate.Version                    : HHH000412: Hibernate ORM core version 6.4.1.Final
2024-02-26T21:15:07.576+05:30  INFO 14184 --- [           main] o.h.c.internal.RegionFactoryInitiator    : HHH000026: Second-level cache disabled
2024-02-26T21:15:08.162+05:30  INFO 14184 --- [           main] o.s.o.j.p.SpringPersistenceUnitInfo      : No LoadTimeWeaver setup: ignoring JPA class transformer
2024-02-26T21:15:08.210+05:30  INFO 14184 --- [           main] com.zaxxer.hikari.HikariDataSource       : HikariPool-1 - Starting...
2024-02-26T21:15:08.739+05:30  INFO 14184 --- [           main] com.zaxxer.hikari.pool.HikariPool        : HikariPool-1 - Added connection com.mysql.cj.jdbc.ConnectionImpl@3c346c45
2024-02-26T21:15:08.744+05:30  INFO 14184 --- [           main] com.zaxxer.hikari.HikariDataSource       : HikariPool-1 - Start completed.
2024-02-26T21:15:11.123+05:30  INFO 14184 --- [           main] o.h.e.t.j.p.i.JtaPlatformInitiator       : HHH000489: No JTA platform available (set 'hibernate.transaction.jta.platform' to enable JTA platform integration)
2024-02-26T21:15:11.302+05:30  INFO 14184 --- [           main] j.LocalContainerEntityManagerFactoryBean : Initialized JPA EntityManagerFactory for persistence unit 'default'
2024-02-26T21:15:12.106+05:30  INFO 14184 --- [           main] o.s.d.j.r.query.QueryEnhancerFactory     : Hibernate is in classpath; If applicable, HQL parser will be used.
2024-02-26T21:15:12.957+05:30  WARN 14184 --- [           main] JpaBaseConfiguration$JpaWebConfiguration : spring.jpa.open-in-view is enabled by default. Therefore, database queries may be performed during view rendering. Explicitly configure spring.jpa.open-in-view to disable this warning
2024-02-26T21:15:13.615+05:30  INFO 14184 --- [           main] o.s.s.web.DefaultSecurityFilterChain     : Will secure any request with [org.springframework.security.web.session.DisableEncodeUrlFilter@4ee8ea84, org.springframework.security.web.context.request.async.WebAsyncManagerIntegrationFilter@76e5d5e5, org.springframework.security.web.context.SecurityContextHolderFilter@463c5d0f, org.springframework.security.web.header.HeaderWriterFilter@17856f0, org.springframework.web.filter.CorsFilter@1b0709e7, org.springframework.security.web.csrf.CsrfFilter@5e834f3a, org.springframework.security.web.authentication.logout.LogoutFilter@726e780a, org.springframework.security.web.authentication.UsernamePasswordAuthenticationFilter@2976d625, org.springframework.security.web.authentication.ui.DefaultLoginPageGeneratingFilter@2c48eb31, org.springframework.security.web.authentication.ui.DefaultLogoutPageGeneratingFilter@1e368085, org.springframework.security.web.authentication.www.BasicAuthenticationFilter@5327c503, org.springframework.security.web.savedrequest.RequestCacheAwareFilter@68b59e2f, org.springframework.security.web.servletapi.SecurityContextHolderAwareRequestFilter@685a3c14, org.springframework.security.web.authentication.AnonymousAuthenticationFilter@1703e50d, org.springframework.security.web.access.ExceptionTranslationFilter@7685912e, org.springframework.security.web.access.intercept.AuthorizationFilter@43165282]
2024-02-26T21:15:14.226+05:30  INFO 14184 --- [           main] c.v.twitter.TwitterApplicationTests      : Started TwitterApplicationTests in 10.084 seconds (process running for 12.469)
]]></system-out>
  </testcase>
</testsuite>